Overriding data_path: ./data/train
Using separate val_data_path: ./data/val
Searching for scenes in: ./data/train
Total items in directory: 800
  Found item: video173 (is_dir: True)
  Found item: video612 (is_dir: True)
  Found item: video281 (is_dir: True)
  Found item: video42 (is_dir: True)
  Found item: video17 (is_dir: True)
  Found item: video691 (is_dir: True)
  Found item: video638 (is_dir: True)
  Found item: video722 (is_dir: True)
  Found item: video196 (is_dir: True)
  Found item: video535 (is_dir: True)
  Found item: video717 (is_dir: True)
  Found item: video208 (is_dir: True)
  Found item: video182 (is_dir: True)
  Found item: video309 (is_dir: True)
  Found item: video643 (is_dir: True)
  Found item: video53 (is_dir: True)
  Found item: video560 (is_dir: True)
  Found item: video496 (is_dir: True)
  Found item: video12 (is_dir: True)
  Found item: video792 (is_dir: True)
  Found item: video343 (is_dir: True)
  Found item: video539 (is_dir: True)
  Found item: video763 (is_dir: True)
  Found item: video386 (is_dir: True)
  Found item: video376 (is_dir: True)
  Found item: video790 (is_dir: True)
  Found item: video408 (is_dir: True)
  Found item: video494 (is_dir: True)
  Found item: video150 (is_dir: True)
  Found item: video356 (is_dir: True)
  Found item: video760 (is_dir: True)
  Found item: video47 (is_dir: True)
  Found item: video265 (is_dir: True)
  Found item: video692 (is_dir: True)
  Found item: video762 (is_dir: True)
  Found item: video142 (is_dir: True)
  Found item: video771 (is_dir: True)
  Found item: video304 (is_dir: True)
  Found item: video450 (is_dir: True)
  Found item: video687 (is_dir: True)
  Found item: video210 (is_dir: True)
  Found item: video368 (is_dir: True)
  Found item: video280 (is_dir: True)
  Found item: video313 (is_dir: True)
  Found item: video625 (is_dir: True)
  Found item: video323 (is_dir: True)
  Found item: video183 (is_dir: True)
  Found item: video373 (is_dir: True)
  Found item: video201 (is_dir: True)
  Found item: video325 (is_dir: True)
  Found item: video464 (is_dir: True)
  Found item: video167 (is_dir: True)
  Found item: video255 (is_dir: True)
  Found item: video165 (is_dir: True)
  Found item: video527 (is_dir: True)
  Found item: video44 (is_dir: True)
  Found item: video379 (is_dir: True)
  Found item: video127 (is_dir: True)
  Found item: video392 (is_dir: True)
  Found item: video161 (is_dir: True)
  Found item: video471 (is_dir: True)
  Found item: video32 (is_dir: True)
  Found item: video383 (is_dir: True)
  Found item: video80 (is_dir: True)
  Found item: video83 (is_dir: True)
  Found item: video307 (is_dir: True)
  Found item: video122 (is_dir: True)
  Found item: video566 (is_dir: True)
  Found item: video321 (is_dir: True)
  Found item: video277 (is_dir: True)
  Found item: video700 (is_dir: True)
  Found item: video688 (is_dir: True)
  Found item: video294 (is_dir: True)
  Found item: video497 (is_dir: True)
  Found item: video721 (is_dir: True)
  Found item: video193 (is_dir: True)
  Found item: video350 (is_dir: True)
  Found item: video39 (is_dir: True)
  Found item: video243 (is_dir: True)
  Found item: video768 (is_dir: True)
  Found item: video96 (is_dir: True)
  Found item: video545 (is_dir: True)
  Found item: video49 (is_dir: True)
  Found item: video413 (is_dir: True)
  Found item: video524 (is_dir: True)
  Found item: video244 (is_dir: True)
  Found item: video78 (is_dir: True)
  Found item: video416 (is_dir: True)
  Found item: video786 (is_dir: True)
  Found item: video171 (is_dir: True)
  Found item: video667 (is_dir: True)
  Found item: video665 (is_dir: True)
  Found item: video157 (is_dir: True)
  Found item: video485 (is_dir: True)
  Found item: video99 (is_dir: True)
  Found item: video282 (is_dir: True)
  Found item: video759 (is_dir: True)
  Found item: video682 (is_dir: True)
  Found item: video516 (is_dir: True)
  Found item: video116 (is_dir: True)
  Found item: video489 (is_dir: True)
  Found item: video627 (is_dir: True)
  Found item: video268 (is_dir: True)
  Found item: video744 (is_dir: True)
  Found item: video642 (is_dir: True)
  Found item: video622 (is_dir: True)
  Found item: video330 (is_dir: True)
  Found item: video671 (is_dir: True)
  Found item: video468 (is_dir: True)
  Found item: video13 (is_dir: True)
  Found item: video92 (is_dir: True)
  Found item: video741 (is_dir: True)
  Found item: video253 (is_dir: True)
  Found item: video528 (is_dir: True)
  Found item: video94 (is_dir: True)
  Found item: video11 (is_dir: True)
  Found item: video758 (is_dir: True)
  Found item: video561 (is_dir: True)
  Found item: video192 (is_dir: True)
  Found item: video733 (is_dir: True)
  Found item: video177 (is_dir: True)
  Found item: video654 (is_dir: True)
  Found item: video236 (is_dir: True)
  Found item: video204 (is_dir: True)
  Found item: video72 (is_dir: True)
  Found item: video576 (is_dir: True)
  Found item: video591 (is_dir: True)
  Found item: video518 (is_dir: True)
  Found item: video753 (is_dir: True)
  Found item: video777 (is_dir: True)
  Found item: video293 (is_dir: True)
  Found item: video738 (is_dir: True)
  Found item: video335 (is_dir: True)
  Found item: video338 (is_dir: True)
  Found item: video578 (is_dir: True)
  Found item: video137 (is_dir: True)
  Found item: video776 (is_dir: True)
  Found item: video590 (is_dir: True)
  Found item: video637 (is_dir: True)
  Found item: video750 (is_dir: True)
  Found item: video34 (is_dir: True)
  Found item: video459 (is_dir: True)
  Found item: video548 (is_dir: True)
  Found item: video276 (is_dir: True)
  Found item: video634 (is_dir: True)
  Found item: video463 (is_dir: True)
  Found item: video251 (is_dir: True)
  Found item: video113 (is_dir: True)
  Found item: video445 (is_dir: True)
  Found item: video23 (is_dir: True)
  Found item: video75 (is_dir: True)
  Found item: video679 (is_dir: True)
  Found item: video398 (is_dir: True)
  Found item: video35 (is_dir: True)
  Found item: video10 (is_dir: True)
  Found item: video203 (is_dir: True)
  Found item: video512 (is_dir: True)
  Found item: video385 (is_dir: True)
  Found item: video290 (is_dir: True)
  Found item: video432 (is_dir: True)
  Found item: video66 (is_dir: True)
  Found item: video295 (is_dir: True)
  Found item: video242 (is_dir: True)
  Found item: video79 (is_dir: True)
  Found item: video394 (is_dir: True)
  Found item: video537 (is_dir: True)
  Found item: video474 (is_dir: True)
  Found item: video472 (is_dir: True)
  Found item: video272 (is_dir: True)
  Found item: video108 (is_dir: True)
  Found item: video241 (is_dir: True)
  Found item: video194 (is_dir: True)
  Found item: video29 (is_dir: True)
  Found item: video288 (is_dir: True)
  Found item: video690 (is_dir: True)
  Found item: video221 (is_dir: True)
  Found item: video88 (is_dir: True)
  Found item: video683 (is_dir: True)
  Found item: video355 (is_dir: True)
  Found item: video673 (is_dir: True)
  Found item: video121 (is_dir: True)
  Found item: video131 (is_dir: True)
  Found item: video214 (is_dir: True)
  Found item: video626 (is_dir: True)
  Found item: video478 (is_dir: True)
  Found item: video431 (is_dir: True)
  Found item: video352 (is_dir: True)
  Found item: video513 (is_dir: True)
  Found item: video264 (is_dir: True)
  Found item: video292 (is_dir: True)
  Found item: video605 (is_dir: True)
  Found item: video89 (is_dir: True)
  Found item: video19 (is_dir: True)
  Found item: video339 (is_dir: True)
  Found item: video128 (is_dir: True)
  Found item: video274 (is_dir: True)
  Found item: video426 (is_dir: True)
  Found item: video205 (is_dir: True)
  Found item: video698 (is_dir: True)
  Found item: video452 (is_dir: True)
  Found item: video48 (is_dir: True)
  Found item: video7 (is_dir: True)
  Found item: video95 (is_dir: True)
  Found item: video146 (is_dir: True)
  Found item: video232 (is_dir: True)
  Found item: video91 (is_dir: True)
  Found item: video156 (is_dir: True)
  Found item: video206 (is_dir: True)
  Found item: video663 (is_dir: True)
  Found item: video645 (is_dir: True)
  Found item: video446 (is_dir: True)
  Found item: video186 (is_dir: True)
  Found item: video153 (is_dir: True)
  Found item: video737 (is_dir: True)
  Found item: video395 (is_dir: True)
  Found item: video257 (is_dir: True)
  Found item: video428 (is_dir: True)
  Found item: video467 (is_dir: True)
  Found item: video144 (is_dir: True)
  Found item: video55 (is_dir: True)
  Found item: video188 (is_dir: True)
  Found item: video568 (is_dir: True)
  Found item: video69 (is_dir: True)
  Found item: video662 (is_dir: True)
  Found item: video534 (is_dir: True)
  Found item: video788 (is_dir: True)
  Found item: video764 (is_dir: True)
  Found item: video458 (is_dir: True)
  Found item: video322 (is_dir: True)
  Found item: video440 (is_dir: True)
  Found item: video287 (is_dir: True)
  Found item: video237 (is_dir: True)
  Found item: video389 (is_dir: True)
  Found item: video646 (is_dir: True)
  Found item: video349 (is_dir: True)
  Found item: video572 (is_dir: True)
  Found item: video697 (is_dir: True)
  Found item: video492 (is_dir: True)
  Found item: video664 (is_dir: True)
  Found item: video152 (is_dir: True)
  Found item: video656 (is_dir: True)
  Found item: video250 (is_dir: True)
  Found item: video701 (is_dir: True)
  Found item: video328 (is_dir: True)
  Found item: video43 (is_dir: True)
  Found item: video748 (is_dir: True)
  Found item: video533 (is_dir: True)
  Found item: video624 (is_dir: True)
  Found item: video411 (is_dir: True)
  Found item: video164 (is_dir: True)
  Found item: video401 (is_dir: True)
  Found item: video248 (is_dir: True)
  Found item: video159 (is_dir: True)
  Found item: video169 (is_dir: True)
  Found item: video306 (is_dir: True)
  Found item: video109 (is_dir: True)
  Found item: video87 (is_dir: True)
  Found item: video574 (is_dir: True)
  Found item: video746 (is_dir: True)
  Found item: video18 (is_dir: True)
  Found item: video303 (is_dir: True)
  Found item: video46 (is_dir: True)
  Found item: video515 (is_dir: True)
  Found item: video719 (is_dir: True)
  Found item: video439 (is_dir: True)
  Found item: video25 (is_dir: True)
  Found item: video393 (is_dir: True)
  Found item: video423 (is_dir: True)
  Found item: video640 (is_dir: True)
  Found item: video598 (is_dir: True)
  Found item: video443 (is_dir: True)
  Found item: video347 (is_dir: True)
  Found item: video130 (is_dir: True)
  Found item: video613 (is_dir: True)
  Found item: video311 (is_dir: True)
  Found item: video781 (is_dir: True)
  Found item: video504 (is_dir: True)
  Found item: video105 (is_dir: True)
  Found item: video145 (is_dir: True)
  Found item: video715 (is_dir: True)
  Found item: video270 (is_dir: True)
  Found item: video723 (is_dir: True)
  Found item: video76 (is_dir: True)
  Found item: video462 (is_dir: True)
  Found item: video765 (is_dir: True)
  Found item: video147 (is_dir: True)
  Found item: video3 (is_dir: True)
  Found item: video367 (is_dir: True)
  Found item: video382 (is_dir: True)
  Found item: video344 (is_dir: True)
  Found item: video363 (is_dir: True)
  Found item: video336 (is_dir: True)
  Found item: video551 (is_dir: True)
  Found item: video588 (is_dir: True)
  Found item: video775 (is_dir: True)
  Found item: video154 (is_dir: True)
  Found item: video403 (is_dir: True)
  Found item: video185 (is_dir: True)
  Found item: video520 (is_dir: True)
  Found item: video166 (is_dir: True)
  Found item: video455 (is_dir: True)
  Found item: video68 (is_dir: True)
  Found item: video507 (is_dir: True)
  Found item: video160 (is_dir: True)
  Found item: video448 (is_dir: True)
  Found item: video778 (is_dir: True)
  Found item: video318 (is_dir: True)
  Found item: video308 (is_dir: True)
  Found item: video314 (is_dir: True)
  Found item: video170 (is_dir: True)
  Found item: video315 (is_dir: True)
  Found item: video299 (is_dir: True)
  Found item: video213 (is_dir: True)
  Found item: video238 (is_dir: True)
  Found item: video111 (is_dir: True)
  Found item: video424 (is_dir: True)
  Found item: video554 (is_dir: True)
  Found item: video378 (is_dir: True)
  Found item: video502 (is_dir: True)
  Found item: video761 (is_dir: True)
  Found item: video102 (is_dir: True)
  Found item: video16 (is_dir: True)
  Found item: video473 (is_dir: True)
  Found item: video751 (is_dir: True)
  Found item: video319 (is_dir: True)
  Found item: video143 (is_dir: True)
  Found item: video15 (is_dir: True)
  Found item: video180 (is_dir: True)
  Found item: video623 (is_dir: True)
  Found item: video168 (is_dir: True)
  Found item: video641 (is_dir: True)
  Found item: video599 (is_dir: True)
  Found item: video769 (is_dir: True)
  Found item: video133 (is_dir: True)
  Found item: video525 (is_dir: True)
  Found item: video135 (is_dir: True)
  Found item: video357 (is_dir: True)
  Found item: video454 (is_dir: True)
  Found item: video124 (is_dir: True)
  Found item: video571 (is_dir: True)
  Found item: video262 (is_dir: True)
  Found item: video609 (is_dir: True)
  Found item: video702 (is_dir: True)
  Found item: video659 (is_dir: True)
  Found item: video616 (is_dir: True)
  Found item: video82 (is_dir: True)
  Found item: video252 (is_dir: True)
  Found item: video734 (is_dir: True)
  Found item: video696 (is_dir: True)
  Found item: video289 (is_dir: True)
  Found item: video418 (is_dir: True)
  Found item: video256 (is_dir: True)
  Found item: video460 (is_dir: True)
  Found item: video360 (is_dir: True)
  Found item: video59 (is_dir: True)
  Found item: video557 (is_dir: True)
  Found item: video604 (is_dir: True)
  Found item: video56 (is_dir: True)
  Found item: video615 (is_dir: True)
  Found item: video543 (is_dir: True)
  Found item: video365 (is_dir: True)
  Found item: video74 (is_dir: True)
  Found item: video597 (is_dir: True)
  Found item: video246 (is_dir: True)
  Found item: video341 (is_dir: True)
  Found item: video522 (is_dir: True)
  Found item: video4 (is_dir: True)
  Found item: video263 (is_dir: True)
  Found item: video215 (is_dir: True)
  Found item: video300 (is_dir: True)
  Found item: video694 (is_dir: True)
  Found item: video366 (is_dir: True)
  Found item: video655 (is_dir: True)
  Found item: video296 (is_dir: True)
  Found item: video660 (is_dir: True)
  Found item: video562 (is_dir: True)
  Found item: video98 (is_dir: True)
  Found item: video409 (is_dir: True)
  Found item: video63 (is_dir: True)
  Found item: video729 (is_dir: True)
  Found item: video795 (is_dir: True)
  Found item: video41 (is_dir: True)
  Found item: video706 (is_dir: True)
  Found item: video495 (is_dir: True)
  Found item: video647 (is_dir: True)
  Found item: video370 (is_dir: True)
  Found item: video529 (is_dir: True)
  Found item: video779 (is_dir: True)
  Found item: video52 (is_dir: True)
  Found item: video704 (is_dir: True)
  Found item: video140 (is_dir: True)
  Found item: video340 (is_dir: True)
  Found item: video104 (is_dir: True)
  Found item: video65 (is_dir: True)
  Found item: video249 (is_dir: True)
  Found item: video106 (is_dir: True)
  Found item: video433 (is_dir: True)
  Found item: video436 (is_dir: True)
  Found item: video187 (is_dir: True)
  Found item: video514 (is_dir: True)
  Found item: video747 (is_dir: True)
  Found item: video377 (is_dir: True)
  Found item: video526 (is_dir: True)
  Found item: video614 (is_dir: True)
  Found item: video770 (is_dir: True)
  Found item: video50 (is_dir: True)
  Found item: video326 (is_dir: True)
  Found item: video414 (is_dir: True)
  Found item: video138 (is_dir: True)
  Found item: video739 (is_dir: True)
  Found item: video727 (is_dir: True)
  Found item: video278 (is_dir: True)
  Found item: video519 (is_dir: True)
  Found item: video114 (is_dir: True)
  Found item: video155 (is_dir: True)
  Found item: video635 (is_dir: True)
  Found item: video226 (is_dir: True)
  Found item: video107 (is_dir: True)
  Found item: video628 (is_dir: True)
  Found item: video774 (is_dir: True)
  Found item: video380 (is_dir: True)
  Found item: video198 (is_dir: True)
  Found item: video176 (is_dir: True)
  Found item: video212 (is_dir: True)
  Found item: video38 (is_dir: True)
  Found item: video505 (is_dir: True)
  Found item: video538 (is_dir: True)
  Found item: video417 (is_dir: True)
  Found item: video320 (is_dir: True)
  Found item: video195 (is_dir: True)
  Found item: video316 (is_dir: True)
  Found item: video359 (is_dir: True)
  Found item: video174 (is_dir: True)
  Found item: video333 (is_dir: True)
  Found item: video451 (is_dir: True)
  Found item: video681 (is_dir: True)
  Found item: video269 (is_dir: True)
  Found item: video592 (is_dir: True)
  Found item: video695 (is_dir: True)
  Found item: video33 (is_dir: True)
  Found item: video1 (is_dir: True)
  Found item: video669 (is_dir: True)
  Found item: video199 (is_dir: True)
  Found item: video649 (is_dir: True)
  Found item: video218 (is_dir: True)
  Found item: video796 (is_dir: True)
  Found item: video372 (is_dir: True)
  Found item: video564 (is_dir: True)
  Found item: video477 (is_dir: True)
  Found item: video579 (is_dir: True)
  Found item: video234 (is_dir: True)
  Found item: video405 (is_dir: True)
  Found item: video684 (is_dir: True)
  Found item: video283 (is_dir: True)
  Found item: video714 (is_dir: True)
  Found item: video532 (is_dir: True)
  Found item: video101 (is_dir: True)
  Found item: video6 (is_dir: True)
  Found item: video279 (is_dir: True)
  Found item: video757 (is_dir: True)
  Found item: video27 (is_dir: True)
  Found item: video235 (is_dir: True)
  Found item: video126 (is_dir: True)
  Found item: video487 (is_dir: True)
  Found item: video402 (is_dir: True)
  Found item: video657 (is_dir: True)
  Found item: video726 (is_dir: True)
  Found item: video685 (is_dir: True)
  Found item: video397 (is_dir: True)
  Found item: video430 (is_dir: True)
  Found item: video202 (is_dir: True)
  Found item: video284 (is_dir: True)
  Found item: video798 (is_dir: True)
  Found item: video259 (is_dir: True)
  Found item: video677 (is_dir: True)
  Found item: video334 (is_dir: True)
  Found item: video224 (is_dir: True)
  Found item: video21 (is_dir: True)
  Found item: video745 (is_dir: True)
  Found item: video500 (is_dir: True)
  Found item: video391 (is_dir: True)
  Found item: video178 (is_dir: True)
  Found item: video84 (is_dir: True)
  Found item: video404 (is_dir: True)
  Found item: video219 (is_dir: True)
  Found item: video693 (is_dir: True)
  Found item: video510 (is_dir: True)
  Found item: video437 (is_dir: True)
  Found item: video14 (is_dir: True)
  Found item: video793 (is_dir: True)
  Found item: video581 (is_dir: True)
  Found item: video506 (is_dir: True)
  Found item: video119 (is_dir: True)
  Found item: video8 (is_dir: True)
  Found item: video438 (is_dir: True)
  Found item: video90 (is_dir: True)
  Found item: video611 (is_dir: True)
  Found item: video678 (is_dir: True)
  Found item: video57 (is_dir: True)
  Found item: video674 (is_dir: True)
  Found item: video644 (is_dir: True)
  Found item: video587 (is_dir: True)
  Found item: video310 (is_dir: True)
  Found item: video567 (is_dir: True)
  Found item: video586 (is_dir: True)
  Found item: video190 (is_dir: True)
  Found item: video648 (is_dir: True)
  Found item: video483 (is_dir: True)
  Found item: video553 (is_dir: True)
  Found item: video189 (is_dir: True)
  Found item: video369 (is_dir: True)
  Found item: video725 (is_dir: True)
  Found item: video54 (is_dir: True)
  Found item: video555 (is_dir: True)
  Found item: video351 (is_dir: True)
  Found item: video630 (is_dir: True)
  Found item: video570 (is_dir: True)
  Found item: video569 (is_dir: True)
  Found item: video317 (is_dir: True)
  Found item: video129 (is_dir: True)
  Found item: video631 (is_dir: True)
  Found item: video123 (is_dir: True)
  Found item: video773 (is_dir: True)
  Found item: video563 (is_dir: True)
  Found item: video482 (is_dir: True)
  Found item: video608 (is_dir: True)
  Found item: video261 (is_dir: True)
  Found item: video731 (is_dir: True)
  Found item: video735 (is_dir: True)
  Found item: video475 (is_dir: True)
  Found item: video381 (is_dir: True)
  Found item: video266 (is_dir: True)
  Found item: video207 (is_dir: True)
  Found item: video703 (is_dir: True)
  Found item: video486 (is_dir: True)
  Found item: video31 (is_dir: True)
  Found item: video595 (is_dir: True)
  Found item: video498 (is_dir: True)
  Found item: video791 (is_dir: True)
  Found item: video162 (is_dir: True)
  Found item: video461 (is_dir: True)
  Found item: video421 (is_dir: True)
  Found item: video267 (is_dir: True)
  Found item: video217 (is_dir: True)
  Found item: video71 (is_dir: True)
  Found item: video62 (is_dir: True)
  Found item: video546 (is_dir: True)
  Found item: video388 (is_dir: True)
  Found item: video559 (is_dir: True)
  Found item: video297 (is_dir: True)
  Found item: video354 (is_dir: True)
  Found item: video441 (is_dir: True)
  Found item: video64 (is_dir: True)
  Found item: video70 (is_dir: True)
  Found item: video73 (is_dir: True)
  Found item: video617 (is_dir: True)
  Found item: video712 (is_dir: True)
  Found item: video345 (is_dir: True)
  Found item: video728 (is_dir: True)
  Found item: video26 (is_dir: True)
  Found item: video470 (is_dir: True)
  Found item: video24 (is_dir: True)
  Found item: video285 (is_dir: True)
  Found item: video179 (is_dir: True)
  Found item: video558 (is_dir: True)
  Found item: video118 (is_dir: True)
  Found item: video565 (is_dir: True)
  Found item: video172 (is_dir: True)
  Found item: video228 (is_dir: True)
  Found item: video547 (is_dir: True)
  Found item: video271 (is_dir: True)
  Found item: video509 (is_dir: True)
  Found item: video120 (is_dir: True)
  Found item: video97 (is_dir: True)
  Found item: video375 (is_dir: True)
  Found item: video686 (is_dir: True)
  Found item: video620 (is_dir: True)
  Found item: video230 (is_dir: True)
  Found item: video117 (is_dir: True)
  Found item: video573 (is_dir: True)
  Found item: video675 (is_dir: True)
  Found item: video670 (is_dir: True)
  Found item: video689 (is_dir: True)
  Found item: video724 (is_dir: True)
  Found item: video387 (is_dir: True)
  Found item: video718 (is_dir: True)
  Found item: video743 (is_dir: True)
  Found item: video602 (is_dir: True)
  Found item: video175 (is_dir: True)
  Found item: video337 (is_dir: True)
  Found item: video711 (is_dir: True)
  Found item: video273 (is_dir: True)
  Found item: video422 (is_dir: True)
  Found item: video556 (is_dir: True)
  Found item: video151 (is_dir: True)
  Found item: video583 (is_dir: True)
  Found item: video601 (is_dir: True)
  Found item: video67 (is_dir: True)
  Found item: video400 (is_dir: True)
  Found item: video789 (is_dir: True)
  Found item: video716 (is_dir: True)
  Found item: video132 (is_dir: True)
  Found item: video149 (is_dir: True)
  Found item: video223 (is_dir: True)
  Found item: video481 (is_dir: True)
  Found item: video754 (is_dir: True)
  Found item: video580 (is_dir: True)
  Found item: video732 (is_dir: True)
  Found item: video406 (is_dir: True)
  Found item: video245 (is_dir: True)
  Found item: video45 (is_dir: True)
  Found item: video549 (is_dir: True)
  Found item: video342 (is_dir: True)
  Found item: video606 (is_dir: True)
  Found item: video629 (is_dir: True)
  Found item: video247 (is_dir: True)
  Found item: video233 (is_dir: True)
  Found item: video490 (is_dir: True)
  Found item: video456 (is_dir: True)
  Found item: video610 (is_dir: True)
  Found item: video22 (is_dir: True)
  Found item: video521 (is_dir: True)
  Found item: video40 (is_dir: True)
  Found item: video607 (is_dir: True)
  Found item: video220 (is_dir: True)
  Found item: video258 (is_dir: True)
  Found item: video632 (is_dir: True)
  Found item: video327 (is_dir: True)
  Found item: video619 (is_dir: True)
  Found item: video361 (is_dir: True)
  Found item: video191 (is_dir: True)
  Found item: video797 (is_dir: True)
  Found item: video163 (is_dir: True)
  Found item: video20 (is_dir: True)
  Found item: video540 (is_dir: True)
  Found item: video523 (is_dir: True)
  Found item: video449 (is_dir: True)
  Found item: video799 (is_dir: True)
  Found item: video9 (is_dir: True)
  Found item: video141 (is_dir: True)
  Found item: video275 (is_dir: True)
  Found item: video51 (is_dir: True)
  Found item: video480 (is_dir: True)
  Found item: video231 (is_dir: True)
  Found item: video348 (is_dir: True)
  Found item: video752 (is_dir: True)
  Found item: video636 (is_dir: True)
  Found item: video784 (is_dir: True)
  Found item: video260 (is_dir: True)
  Found item: video60 (is_dir: True)
  Found item: video491 (is_dir: True)
  Found item: video399 (is_dir: True)
  Found item: video772 (is_dir: True)
  Found item: video589 (is_dir: True)
  Found item: video707 (is_dir: True)
  Found item: video371 (is_dir: True)
  Found item: video100 (is_dir: True)
  Found item: video112 (is_dir: True)
  Found item: video30 (is_dir: True)
  Found item: video301 (is_dir: True)
  Found item: video222 (is_dir: True)
  Found item: video447 (is_dir: True)
  Found item: video780 (is_dir: True)
  Found item: video86 (is_dir: True)
  Found item: video225 (is_dir: True)
  Found item: video434 (is_dir: True)
  Found item: video227 (is_dir: True)
  Found item: video709 (is_dir: True)
  Found item: video28 (is_dir: True)
  Found item: video390 (is_dir: True)
  Found item: video125 (is_dir: True)
  Found item: video536 (is_dir: True)
  Found item: video435 (is_dir: True)
  Found item: video650 (is_dir: True)
  Found item: video511 (is_dir: True)
  Found item: video197 (is_dir: True)
  Found item: video420 (is_dir: True)
  Found item: video412 (is_dir: True)
  Found item: video158 (is_dir: True)
  Found item: video229 (is_dir: True)
  Found item: video582 (is_dir: True)
  Found item: video736 (is_dir: True)
  Found item: video305 (is_dir: True)
  Found item: video331 (is_dir: True)
  Found item: video407 (is_dir: True)
  Found item: video639 (is_dir: True)
  Found item: video530 (is_dir: True)
  Found item: video85 (is_dir: True)
  Found item: video415 (is_dir: True)
  Found item: video787 (is_dir: True)
  Found item: video596 (is_dir: True)
  Found item: video429 (is_dir: True)
  Found item: video531 (is_dir: True)
  Found item: video713 (is_dir: True)
  Found item: video200 (is_dir: True)
  Found item: video603 (is_dir: True)
  Found item: video240 (is_dir: True)
  Found item: video577 (is_dir: True)
  Found item: video353 (is_dir: True)
  Found item: video362 (is_dir: True)
  Found item: video110 (is_dir: True)
  Found item: video291 (is_dir: True)
  Found item: video181 (is_dir: True)
  Found item: video427 (is_dir: True)
  Found item: video136 (is_dir: True)
  Found item: video77 (is_dir: True)
  Found item: video103 (is_dir: True)
  Found item: video766 (is_dir: True)
  Found item: video666 (is_dir: True)
  Found item: video593 (is_dir: True)
  Found item: video419 (is_dir: True)
  Found item: video148 (is_dir: True)
  Found item: video585 (is_dir: True)
  Found item: video134 (is_dir: True)
  Found item: video493 (is_dir: True)
  Found item: video346 (is_dir: True)
  Found item: video499 (is_dir: True)
  Found item: video544 (is_dir: True)
  Found item: video209 (is_dir: True)
  Found item: video444 (is_dir: True)
  Found item: video476 (is_dir: True)
  Found item: video488 (is_dir: True)
  Found item: video2 (is_dir: True)
  Found item: video541 (is_dir: True)
  Found item: video239 (is_dir: True)
  Found item: video466 (is_dir: True)
  Found item: video550 (is_dir: True)
  Found item: video740 (is_dir: True)
  Found item: video575 (is_dir: True)
  Found item: video517 (is_dir: True)
  Found item: video661 (is_dir: True)
  Found item: video93 (is_dir: True)
  Found item: video61 (is_dir: True)
  Found item: video699 (is_dir: True)
  Found item: video425 (is_dir: True)
  Found item: video633 (is_dir: True)
  Found item: video58 (is_dir: True)
  Found item: video755 (is_dir: True)
  Found item: video312 (is_dir: True)
  Found item: video708 (is_dir: True)
  Found item: video742 (is_dir: True)
  Found item: video479 (is_dir: True)
  Found item: video800 (is_dir: True)
  Found item: video298 (is_dir: True)
  Found item: video115 (is_dir: True)
  Found item: video139 (is_dir: True)
  Found item: video658 (is_dir: True)
  Found item: video410 (is_dir: True)
  Found item: video184 (is_dir: True)
  Found item: video37 (is_dir: True)
  Found item: video374 (is_dir: True)
  Found item: video302 (is_dir: True)
  Found item: video329 (is_dir: True)
  Found item: video785 (is_dir: True)
  Found item: video552 (is_dir: True)
  Found item: video783 (is_dir: True)
  Found item: video332 (is_dir: True)
  Found item: video216 (is_dir: True)
  Found item: video676 (is_dir: True)
  Found item: video668 (is_dir: True)
  Found item: video469 (is_dir: True)
  Found item: video81 (is_dir: True)
  Found item: video442 (is_dir: True)
  Found item: video705 (is_dir: True)
  Found item: video286 (is_dir: True)
  Found item: video384 (is_dir: True)
  Found item: video720 (is_dir: True)
  Found item: video542 (is_dir: True)
  Found item: video782 (is_dir: True)
  Found item: video618 (is_dir: True)
  Found item: video621 (is_dir: True)
  Found item: video503 (is_dir: True)
  Found item: video600 (is_dir: True)
  Found item: video501 (is_dir: True)
  Found item: video756 (is_dir: True)
  Found item: video508 (is_dir: True)
  Found item: video730 (is_dir: True)
  Found item: video396 (is_dir: True)
  Found item: video358 (is_dir: True)
  Found item: video5 (is_dir: True)
  Found item: video254 (is_dir: True)
  Found item: video484 (is_dir: True)
  Found item: video594 (is_dir: True)
  Found item: video584 (is_dir: True)
  Found item: video364 (is_dir: True)
  Found item: video653 (is_dir: True)
  Found item: video36 (is_dir: True)
  Found item: video680 (is_dir: True)
  Found item: video453 (is_dir: True)
  Found item: video652 (is_dir: True)
  Found item: video324 (is_dir: True)
  Found item: video749 (is_dir: True)
  Found item: video457 (is_dir: True)
  Found item: video651 (is_dir: True)
  Found item: video710 (is_dir: True)
  Found item: video465 (is_dir: True)
  Found item: video672 (is_dir: True)
  Found item: video211 (is_dir: True)
  Found item: video794 (is_dir: True)
  Found item: video767 (is_dir: True)
Found 800 scenes in ./data/train
Searching for scenes in: ./data/val
Total items in directory: 200
  Found item: video838 (is_dir: True)
  Found item: video837 (is_dir: True)
  Found item: video852 (is_dir: True)
  Found item: video831 (is_dir: True)
  Found item: video816 (is_dir: True)
  Found item: video891 (is_dir: True)
  Found item: video978 (is_dir: True)
  Found item: video908 (is_dir: True)
  Found item: video932 (is_dir: True)
  Found item: video845 (is_dir: True)
  Found item: video927 (is_dir: True)
  Found item: video905 (is_dir: True)
  Found item: video925 (is_dir: True)
  Found item: video985 (is_dir: True)
  Found item: video991 (is_dir: True)
  Found item: video910 (is_dir: True)
  Found item: video819 (is_dir: True)
  Found item: video875 (is_dir: True)
  Found item: video857 (is_dir: True)
  Found item: video984 (is_dir: True)
  Found item: video850 (is_dir: True)
  Found item: video975 (is_dir: True)
  Found item: video974 (is_dir: True)
  Found item: video823 (is_dir: True)
  Found item: video964 (is_dir: True)
  Found item: video957 (is_dir: True)
  Found item: video883 (is_dir: True)
  Found item: video919 (is_dir: True)
  Found item: video993 (is_dir: True)
  Found item: video901 (is_dir: True)
  Found item: video971 (is_dir: True)
  Found item: video897 (is_dir: True)
  Found item: video948 (is_dir: True)
  Found item: video983 (is_dir: True)
  Found item: video834 (is_dir: True)
  Found item: video953 (is_dir: True)
  Found item: video913 (is_dir: True)
  Found item: video946 (is_dir: True)
  Found item: video804 (is_dir: True)
  Found item: video923 (is_dir: True)
  Found item: video942 (is_dir: True)
  Found item: video870 (is_dir: True)
  Found item: video825 (is_dir: True)
  Found item: video847 (is_dir: True)
  Found item: video911 (is_dir: True)
  Found item: video808 (is_dir: True)
  Found item: video884 (is_dir: True)
  Found item: video876 (is_dir: True)
  Found item: video935 (is_dir: True)
  Found item: video959 (is_dir: True)
  Found item: video879 (is_dir: True)
  Found item: video1000 (is_dir: True)
  Found item: video802 (is_dir: True)
  Found item: video915 (is_dir: True)
  Found item: video864 (is_dir: True)
  Found item: video967 (is_dir: True)
  Found item: video934 (is_dir: True)
  Found item: video917 (is_dir: True)
  Found item: video820 (is_dir: True)
  Found item: video815 (is_dir: True)
  Found item: video888 (is_dir: True)
  Found item: video805 (is_dir: True)
  Found item: video922 (is_dir: True)
  Found item: video972 (is_dir: True)
  Found item: video914 (is_dir: True)
  Found item: video896 (is_dir: True)
  Found item: video962 (is_dir: True)
  Found item: video806 (is_dir: True)
  Found item: video873 (is_dir: True)
  Found item: video970 (is_dir: True)
  Found item: video872 (is_dir: True)
  Found item: video811 (is_dir: True)
  Found item: video812 (is_dir: True)
  Found item: video818 (is_dir: True)
  Found item: video895 (is_dir: True)
  Found item: video860 (is_dir: True)
  Found item: video835 (is_dir: True)
  Found item: video853 (is_dir: True)
  Found item: video956 (is_dir: True)
  Found item: video842 (is_dir: True)
  Found item: video952 (is_dir: True)
  Found item: video968 (is_dir: True)
  Found item: video941 (is_dir: True)
  Found item: video859 (is_dir: True)
  Found item: video994 (is_dir: True)
  Found item: video866 (is_dir: True)
  Found item: video992 (is_dir: True)
  Found item: video960 (is_dir: True)
  Found item: video950 (is_dir: True)
  Found item: video906 (is_dir: True)
  Found item: video827 (is_dir: True)
  Found item: video885 (is_dir: True)
  Found item: video955 (is_dir: True)
  Found item: video856 (is_dir: True)
  Found item: video939 (is_dir: True)
  Found item: video916 (is_dir: True)
  Found item: video858 (is_dir: True)
  Found item: video840 (is_dir: True)
  Found item: video990 (is_dir: True)
  Found item: video813 (is_dir: True)
  Found item: video803 (is_dir: True)
  Found item: video832 (is_dir: True)
  Found item: video933 (is_dir: True)
  Found item: video951 (is_dir: True)
  Found item: video801 (is_dir: True)
  Found item: video809 (is_dir: True)
  Found item: video826 (is_dir: True)
  Found item: video886 (is_dir: True)
  Found item: video829 (is_dir: True)
  Found item: video909 (is_dir: True)
  Found item: video874 (is_dir: True)
  Found item: video854 (is_dir: True)
  Found item: video898 (is_dir: True)
  Found item: video921 (is_dir: True)
  Found item: video865 (is_dir: True)
  Found item: video890 (is_dir: True)
  Found item: video851 (is_dir: True)
  Found item: video878 (is_dir: True)
  Found item: video881 (is_dir: True)
  Found item: video821 (is_dir: True)
  Found item: video943 (is_dir: True)
  Found item: video931 (is_dir: True)
  Found item: video900 (is_dir: True)
  Found item: video843 (is_dir: True)
  Found item: video899 (is_dir: True)
  Found item: video999 (is_dir: True)
  Found item: video926 (is_dir: True)
  Found item: video973 (is_dir: True)
  Found item: video848 (is_dir: True)
  Found item: video961 (is_dir: True)
  Found item: video867 (is_dir: True)
  Found item: video928 (is_dir: True)
  Found item: video828 (is_dir: True)
  Found item: video949 (is_dir: True)
  Found item: video996 (is_dir: True)
  Found item: video947 (is_dir: True)
  Found item: video877 (is_dir: True)
  Found item: video862 (is_dir: True)
  Found item: video889 (is_dir: True)
  Found item: video998 (is_dir: True)
  Found item: video986 (is_dir: True)
  Found item: video903 (is_dir: True)
  Found item: video937 (is_dir: True)
  Found item: video839 (is_dir: True)
  Found item: video824 (is_dir: True)
  Found item: video965 (is_dir: True)
  Found item: video817 (is_dir: True)
  Found item: video944 (is_dir: True)
  Found item: video980 (is_dir: True)
  Found item: video987 (is_dir: True)
  Found item: video969 (is_dir: True)
  Found item: video810 (is_dir: True)
  Found item: video982 (is_dir: True)
  Found item: video836 (is_dir: True)
  Found item: video863 (is_dir: True)
  Found item: video954 (is_dir: True)
  Found item: video945 (is_dir: True)
  Found item: video977 (is_dir: True)
  Found item: video963 (is_dir: True)
  Found item: video924 (is_dir: True)
  Found item: video958 (is_dir: True)
  Found item: video988 (is_dir: True)
  Found item: video868 (is_dir: True)
  Found item: video841 (is_dir: True)
  Found item: video902 (is_dir: True)
  Found item: video940 (is_dir: True)
  Found item: video844 (is_dir: True)
  Found item: video830 (is_dir: True)
  Found item: video907 (is_dir: True)
  Found item: video930 (is_dir: True)
  Found item: video997 (is_dir: True)
  Found item: video822 (is_dir: True)
  Found item: video855 (is_dir: True)
  Found item: video920 (is_dir: True)
  Found item: video976 (is_dir: True)
  Found item: video892 (is_dir: True)
  Found item: video904 (is_dir: True)
  Found item: video938 (is_dir: True)
  Found item: video871 (is_dir: True)
  Found item: video887 (is_dir: True)
  Found item: video979 (is_dir: True)
  Found item: video807 (is_dir: True)
  Found item: video981 (is_dir: True)
  Found item: video912 (is_dir: True)
  Found item: video936 (is_dir: True)
  Found item: video849 (is_dir: True)
  Found item: video893 (is_dir: True)
  Found item: video846 (is_dir: True)
  Found item: video882 (is_dir: True)
  Found item: video918 (is_dir: True)
  Found item: video966 (is_dir: True)
  Found item: video861 (is_dir: True)
  Found item: video880 (is_dir: True)
  Found item: video989 (is_dir: True)
  Found item: video894 (is_dir: True)
  Found item: video833 (is_dir: True)
  Found item: video929 (is_dir: True)
  Found item: video869 (is_dir: True)
  Found item: video995 (is_dir: True)
  Found item: video814 (is_dir: True)
Found 200 scenes in ./data/val
Initializing model...
Successfully enabled xformers memory efficient attention
Set PYTORCH_CUDA_ALLOC_CONF=expandable_segments:True
Loading VAE and Text Encoder...
Starting training...
Step 0, Loss: 0.763014, LR: 0.0001000
Step 100, Loss: 0.076539, LR: 0.0001000
Step 200, Loss: 0.035569, LR: 0.0001000
Step 300, Loss: 0.025755, LR: 0.0001000
[Validation] step 400 => val_loss: 0.020500
Saved best model based on validation loss.
Step 400, Loss: 0.007072, LR: 0.0001000
Step 500, Loss: 0.011005, LR: 0.0001000
Step 600, Loss: 0.003976, LR: 0.0001000
Step 700, Loss: 0.015167, LR: 0.0001000
[Validation] step 800 => val_loss: 0.013999
Saved best model based on validation loss.
Step 800, Loss: 0.003401, LR: 0.0001000
Step 900, Loss: 0.010038, LR: 0.0001000
Step 1000, Loss: 0.004794, LR: 0.0001000
Step 1100, Loss: 0.004257, LR: 0.0001000
[Validation] step 1200 => val_loss: 0.006090
Saved best model based on validation loss.
Step 1200, Loss: 0.002112, LR: 0.0001000
Step 1300, Loss: 0.001518, LR: 0.0001000
Step 1400, Loss: 0.035613, LR: 0.0001000
Step 1500, Loss: 0.003507, LR: 0.0001000
[Validation] step 1600 => val_loss: 0.021335
Step 1600, Loss: 0.001596, LR: 0.0001000
Step 1700, Loss: 0.015077, LR: 0.0001000
Step 1800, Loss: 0.001604, LR: 0.0001000
Step 1900, Loss: 0.003422, LR: 0.0001000
[Validation] step 2000 => val_loss: 0.018365
Step 2000, Loss: 0.013511, LR: 0.0001000
Step 2100, Loss: 0.001141, LR: 0.0001000
Step 2200, Loss: 0.001040, LR: 0.0001000
Step 2300, Loss: 0.002780, LR: 0.0001000
[Validation] step 2400 => val_loss: 0.004964
Saved best model based on validation loss.
Step 2400, Loss: 0.000997, LR: 0.0001000
Step 2500, Loss: 0.001226, LR: 0.0001000
Step 2600, Loss: 0.005812, LR: 0.0001000
Step 2700, Loss: 0.000645, LR: 0.0001000
[Validation] step 2800 => val_loss: 0.005344
Step 2800, Loss: 0.002001, LR: 0.0001000
Step 2900, Loss: 0.000904, LR: 0.0001000
Step 3000, Loss: 0.003824, LR: 0.0001000
Step 3100, Loss: 0.000579, LR: 0.0001000
[Validation] step 3200 => val_loss: 0.003206
Saved best model based on validation loss.
Step 3200, Loss: 0.003607, LR: 0.0001000
Step 3300, Loss: 0.001391, LR: 0.0001000
Step 3400, Loss: 0.001596, LR: 0.0001000
Step 3500, Loss: 0.000840, LR: 0.0001000
[Validation] step 3600 => val_loss: 0.002352
Saved best model based on validation loss.
Step 3600, Loss: 0.000588, LR: 0.0001000
Step 3700, Loss: 0.000491, LR: 0.0001000
Step 3800, Loss: 0.001038, LR: 0.0001000
Step 3900, Loss: 0.000541, LR: 0.0001000
[Validation] step 4000 => val_loss: 0.001642
Saved best model based on validation loss.
Step 4000, Loss: 0.000483, LR: 0.0001000
Step 4100, Loss: 0.000390, LR: 0.0001000
Step 4200, Loss: 0.000800, LR: 0.0001000
Step 4300, Loss: 0.688863, LR: 0.0000999
[Validation] step 4400 => val_loss: 0.687652
Step 4400, Loss: 0.688377, LR: 0.0000999
Step 4500, Loss: 0.685284, LR: 0.0000999
Step 4600, Loss: 0.690445, LR: 0.0000999
Step 4700, Loss: 0.685274, LR: 0.0000999
[Validation] step 4800 => val_loss: 0.688164
Step 4800, Loss: 0.684684, LR: 0.0000999
Step 4900, Loss: 0.685084, LR: 0.0000999
Step 5000, Loss: 0.688394, LR: 0.0000999
Saved checkpoint at step 5000
Step 5100, Loss: 0.684203, LR: 0.0000999
[Validation] step 5200 => val_loss: 0.685478
Step 5200, Loss: 0.686953, LR: 0.0000999
Step 5300, Loss: 0.683970, LR: 0.0000999
Step 5400, Loss: 0.684137, LR: 0.0000999
Step 5500, Loss: 0.681959, LR: 0.0000999
[Validation] step 5600 => val_loss: 0.689620
Step 5600, Loss: 0.685033, LR: 0.0000999
Step 5700, Loss: 0.692512, LR: 0.0000999
Step 5800, Loss: 0.686554, LR: 0.0000999
Step 5900, Loss: 0.681239, LR: 0.0000999
[Validation] step 6000 => val_loss: 0.684666
Step 6000, Loss: 0.685240, LR: 0.0000999
Step 6100, Loss: 0.679553, LR: 0.0000999
Step 6200, Loss: 0.670580, LR: 0.0000999
Step 6300, Loss: 0.684407, LR: 0.0000999
[Validation] step 6400 => val_loss: 0.688039
Step 6400, Loss: 0.693585, LR: 0.0000999
Step 6500, Loss: 0.688593, LR: 0.0000999
Step 6600, Loss: 0.694378, LR: 0.0000999
Step 6700, Loss: 0.692360, LR: 0.0000999
[Validation] step 6800 => val_loss: 0.687692
Step 6800, Loss: 0.682896, LR: 0.0000999
Step 6900, Loss: 0.690138, LR: 0.0000999
Step 7000, Loss: 0.692092, LR: 0.0000999
Step 7100, Loss: 0.686912, LR: 0.0000999
[Validation] step 7200 => val_loss: 0.688143
Step 7200, Loss: 0.686835, LR: 0.0000999
Step 7300, Loss: 0.682620, LR: 0.0000999
Step 7400, Loss: 0.693587, LR: 0.0000998
Step 7500, Loss: 0.682374, LR: 0.0000998
[Validation] step 7600 => val_loss: 0.685670
Step 7600, Loss: 0.682785, LR: 0.0000998
Step 7700, Loss: 0.688828, LR: 0.0000998
Step 7800, Loss: 0.688327, LR: 0.0000998
Step 7900, Loss: 0.683984, LR: 0.0000998
[Validation] step 8000 => val_loss: 0.687312
Step 8000, Loss: 0.688069, LR: 0.0000998
Step 8100, Loss: 0.686073, LR: 0.0000998
Step 8200, Loss: 0.687712, LR: 0.0000998
Step 8300, Loss: 0.692802, LR: 0.0000998
[Validation] step 8400 => val_loss: 0.688463
Step 8400, Loss: 0.682884, LR: 0.0000998
Step 8500, Loss: 0.687115, LR: 0.0000998
Step 8600, Loss: 0.688643, LR: 0.0000998
Step 8700, Loss: 0.689727, LR: 0.0000998
[Validation] step 8800 => val_loss: 0.688166
Step 8800, Loss: 0.689975, LR: 0.0000998
Step 8900, Loss: 0.692966, LR: 0.0000998
Step 9000, Loss: 0.687436, LR: 0.0000998
Step 9100, Loss: 0.688017, LR: 0.0000998
[Validation] step 9200 => val_loss: 0.686805
Step 9200, Loss: 0.684885, LR: 0.0000998
Step 9300, Loss: 0.686679, LR: 0.0000998
Step 9400, Loss: 0.687661, LR: 0.0000998
Step 9500, Loss: 0.687771, LR: 0.0000998
[Validation] step 9600 => val_loss: 0.686633
Step 9600, Loss: 0.683084, LR: 0.0000997
Step 9700, Loss: 0.689987, LR: 0.0000997
Step 9800, Loss: 0.681534, LR: 0.0000997
Step 9900, Loss: 0.685983, LR: 0.0000997
[Validation] step 10000 => val_loss: 0.687877
Step 10000, Loss: 0.693268, LR: 0.0000997
Saved checkpoint at step 10000
Step 10100, Loss: 0.683437, LR: 0.0000997
Step 10200, Loss: 0.685679, LR: 0.0000997
Step 10300, Loss: 0.677433, LR: 0.0000997
[Validation] step 10400 => val_loss: 0.659353
Step 10400, Loss: 0.654817, LR: 0.0000997
Step 10500, Loss: 0.633366, LR: 0.0000997
Step 10600, Loss: 0.686309, LR: 0.0000997
Step 10700, Loss: 0.683855, LR: 0.0000997
[Validation] step 10800 => val_loss: 0.686361
Step 10800, Loss: 0.683643, LR: 0.0000997
Step 10900, Loss: 0.686089, LR: 0.0000997
Step 11000, Loss: 0.683142, LR: 0.0000997
Step 11100, Loss: 0.684157, LR: 0.0000997
[Validation] step 11200 => val_loss: 0.684637
Step 11200, Loss: 0.684871, LR: 0.0000997
Step 11300, Loss: 0.690412, LR: 0.0000997
Step 11400, Loss: 0.692054, LR: 0.0000996
Step 11500, Loss: 0.678983, LR: 0.0000996
[Validation] step 11600 => val_loss: 0.681036
Step 11600, Loss: 0.682688, LR: 0.0000996
Step 11700, Loss: 0.672414, LR: 0.0000996
Step 11800, Loss: 0.676448, LR: 0.0000996
Step 11900, Loss: 0.670973, LR: 0.0000996
[Validation] step 12000 => val_loss: 0.660920
Step 12000, Loss: 0.666228, LR: 0.0000996
Step 12100, Loss: 0.691532, LR: 0.0000996
Step 12200, Loss: 0.688257, LR: 0.0000996
Step 12300, Loss: 0.681692, LR: 0.0000996
[Validation] step 12400 => val_loss: 0.686878
Step 12400, Loss: 0.702512, LR: 0.0000996
Step 12500, Loss: 0.685646, LR: 0.0000996
Step 12600, Loss: 0.685612, LR: 0.0000996
Step 12700, Loss: 0.689868, LR: 0.0000996
[Validation] step 12800 => val_loss: 0.684279
Step 12800, Loss: 0.692022, LR: 0.0000996
Step 12900, Loss: 0.671020, LR: 0.0000995
Step 13000, Loss: 0.686327, LR: 0.0000995
Step 13100, Loss: 0.681200, LR: 0.0000995
[Validation] step 13200 => val_loss: 0.680121
Step 13200, Loss: 0.677679, LR: 0.0000995
Step 13300, Loss: 0.684043, LR: 0.0000995
Step 13400, Loss: 0.677312, LR: 0.0000995
Step 13500, Loss: 0.659649, LR: 0.0000995
[Validation] step 13600 => val_loss: 0.657242
Step 13600, Loss: 0.655028, LR: 0.0000995
Step 13700, Loss: 0.661076, LR: 0.0000995
Step 13800, Loss: 0.648340, LR: 0.0000995
Step 13900, Loss: 0.620044, LR: 0.0000995
[Validation] step 14000 => val_loss: 0.612251
Step 14000, Loss: 0.606016, LR: 0.0000995
Step 14100, Loss: 0.583209, LR: 0.0000995
Step 14200, Loss: 0.548217, LR: 0.0000994
Step 14300, Loss: 0.528166, LR: 0.0000994
[Validation] step 14400 => val_loss: 0.689384
Step 14400, Loss: 0.690513, LR: 0.0000994
Step 14500, Loss: 0.684414, LR: 0.0000994
Step 14600, Loss: 0.689320, LR: 0.0000994
Step 14700, Loss: 0.687174, LR: 0.0000994
[Validation] step 14800 => val_loss: 0.676908
Step 14800, Loss: 0.670678, LR: 0.0000994
Step 14900, Loss: 0.530880, LR: 0.0000994
Step 15000, Loss: 0.512991, LR: 0.0000994
Saved checkpoint at step 15000
Step 15100, Loss: 0.493493, LR: 0.0000994
[Validation] step 15200 => val_loss: 0.687718
Step 15200, Loss: 0.687137, LR: 0.0000994
Step 15300, Loss: 0.692260, LR: 0.0000994
Step 15400, Loss: 0.689672, LR: 0.0000994
Step 15500, Loss: 0.292488, LR: 0.0000993
[Validation] step 15600 => val_loss: 0.108614
Step 15600, Loss: 0.134975, LR: 0.0000993
Step 15700, Loss: 0.024819, LR: 0.0000993
Step 15800, Loss: 0.018929, LR: 0.0000993
Step 15900, Loss: 0.011987, LR: 0.0000993
[Validation] step 16000 => val_loss: 0.031387
Step 16000, Loss: 0.015486, LR: 0.0000993
Step 16100, Loss: 0.004924, LR: 0.0000993
Step 16200, Loss: 0.013405, LR: 0.0000993
Step 16300, Loss: 0.004942, LR: 0.0000993
[Validation] step 16400 => val_loss: 0.009518
Step 16400, Loss: 0.002550, LR: 0.0000993
Step 16500, Loss: 0.004045, LR: 0.0000993
Step 16600, Loss: 0.003324, LR: 0.0000992
Step 16700, Loss: 0.003597, LR: 0.0000992
[Validation] step 16800 => val_loss: 0.008883
Step 16800, Loss: 0.001689, LR: 0.0000992
Step 16900, Loss: 0.001878, LR: 0.0000992
Step 17000, Loss: 0.099921, LR: 0.0000992
Step 17100, Loss: 0.001706, LR: 0.0000992
[Validation] step 17200 => val_loss: 0.008108
Step 17200, Loss: 0.006472, LR: 0.0000992
Step 17300, Loss: 0.003070, LR: 0.0000992
Step 17400, Loss: 0.001685, LR: 0.0000992
Step 17500, Loss: 0.001896, LR: 0.0000992
[Validation] step 17600 => val_loss: 0.004256
Step 17600, Loss: 0.001808, LR: 0.0000992
Step 17700, Loss: 0.002368, LR: 0.0000991
Step 17800, Loss: 0.001276, LR: 0.0000991
Step 17900, Loss: 0.001104, LR: 0.0000991
[Validation] step 18000 => val_loss: 0.002808
Step 18000, Loss: 0.001011, LR: 0.0000991
Step 18100, Loss: 0.001480, LR: 0.0000991
Step 18200, Loss: 0.001064, LR: 0.0000991
Step 18300, Loss: 0.000676, LR: 0.0000991
[Validation] step 18400 => val_loss: 0.003771
Step 18400, Loss: 0.008397, LR: 0.0000991
Step 18500, Loss: 0.001746, LR: 0.0000991
Step 18600, Loss: 0.001200, LR: 0.0000991
Step 18700, Loss: 0.001053, LR: 0.0000990
[Validation] step 18800 => val_loss: 0.004427
Step 18800, Loss: 0.001918, LR: 0.0000990
Step 18900, Loss: 0.002145, LR: 0.0000990
Step 19000, Loss: 0.000747, LR: 0.0000990
Step 19100, Loss: 0.000665, LR: 0.0000990
[Validation] step 19200 => val_loss: 0.004359
Step 19200, Loss: 0.001158, LR: 0.0000990
Step 19300, Loss: 0.004263, LR: 0.0000990
Step 19400, Loss: 0.000698, LR: 0.0000990
Step 19500, Loss: 0.001181, LR: 0.0000990
[Validation] step 19600 => val_loss: 0.003865
Step 19600, Loss: 0.001003, LR: 0.0000990
Step 19700, Loss: 0.000755, LR: 0.0000989
Step 19800, Loss: 0.044906, LR: 0.0000989
Step 19900, Loss: 0.125945, LR: 0.0000989
[Validation] step 20000 => val_loss: 0.015446
Step 20000, Loss: 0.013820, LR: 0.0000989
Saved checkpoint at step 20000
Step 20100, Loss: 0.002843, LR: 0.0000989
Step 20200, Loss: 0.002664, LR: 0.0000989
Step 20300, Loss: 0.004349, LR: 0.0000989
[Validation] step 20400 => val_loss: 0.003281
Step 20400, Loss: 0.001300, LR: 0.0000989
Step 20500, Loss: 0.003512, LR: 0.0000989
Step 20600, Loss: 0.002402, LR: 0.0000988
Step 20700, Loss: 0.000758, LR: 0.0000988
[Validation] step 20800 => val_loss: 0.002329
Step 20800, Loss: 0.000701, LR: 0.0000988
Step 20900, Loss: 0.001341, LR: 0.0000988
Step 21000, Loss: 0.001066, LR: 0.0000988
Step 21100, Loss: 0.000654, LR: 0.0000988
[Validation] step 21200 => val_loss: 0.005553
Step 21200, Loss: 0.001617, LR: 0.0000988
Step 21300, Loss: 0.000507, LR: 0.0000988
Step 21400, Loss: 0.000754, LR: 0.0000987
Step 21500, Loss: 0.000744, LR: 0.0000987
[Validation] step 21600 => val_loss: 0.003165
Step 21600, Loss: 0.000714, LR: 0.0000987
Step 21700, Loss: 0.001591, LR: 0.0000987
Step 21800, Loss: 0.000527, LR: 0.0000987
Step 21900, Loss: 0.000424, LR: 0.0000987
[Validation] step 22000 => val_loss: 0.001784
Step 22000, Loss: 0.000633, LR: 0.0000987
Step 22100, Loss: 0.001145, LR: 0.0000987
Step 22200, Loss: 0.000887, LR: 0.0000987
Step 22300, Loss: 0.001455, LR: 0.0000986
[Validation] step 22400 => val_loss: 0.001465
Saved best model based on validation loss.
Step 22400, Loss: 0.000456, LR: 0.0000986
Step 22500, Loss: 0.001562, LR: 0.0000986
Step 22600, Loss: 0.000771, LR: 0.0000986
Step 22700, Loss: 0.001026, LR: 0.0000986
[Validation] step 22800 => val_loss: 0.003056
Step 22800, Loss: 0.001106, LR: 0.0000986
Step 22900, Loss: 0.000661, LR: 0.0000986
Step 23000, Loss: 0.006170, LR: 0.0000986
Step 23100, Loss: 0.002009, LR: 0.0000985
[Validation] step 23200 => val_loss: 0.006059
Step 23200, Loss: 0.000662, LR: 0.0000985
Step 23300, Loss: 0.000944, LR: 0.0000985
Step 23400, Loss: 0.000465, LR: 0.0000985
Step 23500, Loss: 0.003245, LR: 0.0000985
[Validation] step 23600 => val_loss: 0.002408
Step 23600, Loss: 0.003592, LR: 0.0000985
Step 23700, Loss: 0.000577, LR: 0.0000985
Step 23800, Loss: 0.001424, LR: 0.0000985
Step 23900, Loss: 0.001226, LR: 0.0000984
[Validation] step 24000 => val_loss: 0.653538
Step 24000, Loss: 0.661936, LR: 0.0000984
Step 24100, Loss: 0.686037, LR: 0.0000984
Step 24200, Loss: 0.686190, LR: 0.0000984
Step 24300, Loss: 0.684519, LR: 0.0000984
[Validation] step 24400 => val_loss: 0.687675
Step 24400, Loss: 0.685033, LR: 0.0000984
Step 24500, Loss: 0.684466, LR: 0.0000984
Step 24600, Loss: 0.688187, LR: 0.0000983
Step 24700, Loss: 0.687399, LR: 0.0000983
[Validation] step 24800 => val_loss: 0.687751
Step 24800, Loss: 0.690730, LR: 0.0000983
Step 24900, Loss: 0.686609, LR: 0.0000983
Step 25000, Loss: 0.687362, LR: 0.0000983
Saved checkpoint at step 25000
Step 25100, Loss: 0.685584, LR: 0.0000983
[Validation] step 25200 => val_loss: 0.687083
Step 25200, Loss: 0.687951, LR: 0.0000983
Step 25300, Loss: 0.686654, LR: 0.0000983
Step 25400, Loss: 0.678727, LR: 0.0000982
Step 25500, Loss: 0.690368, LR: 0.0000982
[Validation] step 25600 => val_loss: 0.687646
Step 25600, Loss: 0.685201, LR: 0.0000982
Step 25700, Loss: 0.687054, LR: 0.0000982
Step 25800, Loss: 0.686783, LR: 0.0000982
Step 25900, Loss: 0.687429, LR: 0.0000982
[Validation] step 26000 => val_loss: 0.687299
Step 26000, Loss: 0.688028, LR: 0.0000982
Step 26100, Loss: 0.689734, LR: 0.0000981
Step 26200, Loss: 0.686037, LR: 0.0000981
Step 26300, Loss: 0.690467, LR: 0.0000981
[Validation] step 26400 => val_loss: 0.687075
Step 26400, Loss: 0.684850, LR: 0.0000981
Step 26500, Loss: 0.695308, LR: 0.0000981
Step 26600, Loss: 0.690976, LR: 0.0000981
Step 26700, Loss: 0.686823, LR: 0.0000981
[Validation] step 26800 => val_loss: 0.687744
Step 26800, Loss: 0.691375, LR: 0.0000980
Step 26900, Loss: 0.685608, LR: 0.0000980
Step 27000, Loss: 0.685373, LR: 0.0000980
Step 27100, Loss: 0.689518, LR: 0.0000980
[Validation] step 27200 => val_loss: 0.687566
Step 27200, Loss: 0.686294, LR: 0.0000980
Step 27300, Loss: 0.684628, LR: 0.0000980
Step 27400, Loss: 0.686364, LR: 0.0000980
Step 27500, Loss: 0.687211, LR: 0.0000979
[Validation] step 27600 => val_loss: 0.684638
Step 27600, Loss: 0.691847, LR: 0.0000979
Step 27700, Loss: 0.679543, LR: 0.0000979
Step 27800, Loss: 0.686399, LR: 0.0000979
Step 27900, Loss: 0.679901, LR: 0.0000979
[Validation] step 28000 => val_loss: 0.682900
Step 28000, Loss: 0.683048, LR: 0.0000979
Step 28100, Loss: 0.684122, LR: 0.0000979
Step 28200, Loss: 0.689425, LR: 0.0000978
Step 28300, Loss: 0.678660, LR: 0.0000978
[Validation] step 28400 => val_loss: 0.680868
Step 28400, Loss: 0.675989, LR: 0.0000978
Step 28500, Loss: 0.682249, LR: 0.0000978
Step 28600, Loss: 0.679119, LR: 0.0000978
Step 28700, Loss: 0.677990, LR: 0.0000978
[Validation] step 28800 => val_loss: 0.665365
Step 28800, Loss: 0.667256, LR: 0.0000977
Step 28900, Loss: 0.692988, LR: 0.0000977
Step 29000, Loss: 0.684866, LR: 0.0000977
Step 29100, Loss: 0.675595, LR: 0.0000977
[Validation] step 29200 => val_loss: 0.687361
Step 29200, Loss: 0.689639, LR: 0.0000977
Step 29300, Loss: 0.696448, LR: 0.0000977
Step 29400, Loss: 0.692163, LR: 0.0000976
Step 29500, Loss: 0.690650, LR: 0.0000976
[Validation] step 29600 => val_loss: 0.687172
Step 29600, Loss: 0.682406, LR: 0.0000976
Step 29700, Loss: 0.686469, LR: 0.0000976
Step 29800, Loss: 0.684270, LR: 0.0000976
Step 29900, Loss: 0.684201, LR: 0.0000976
[Validation] step 30000 => val_loss: 0.682135
Step 30000, Loss: 0.673529, LR: 0.0000976
Saved checkpoint at step 30000
Step 30100, Loss: 0.660913, LR: 0.0000975
Step 30200, Loss: 0.683772, LR: 0.0000975
Step 30300, Loss: 0.686601, LR: 0.0000975
[Validation] step 30400 => val_loss: 0.687537
Step 30400, Loss: 0.684654, LR: 0.0000975
Step 30500, Loss: 0.692635, LR: 0.0000975
Step 30600, Loss: 0.689326, LR: 0.0000975
Step 30700, Loss: 0.685438, LR: 0.0000974
[Validation] step 30800 => val_loss: 0.685804
Step 30800, Loss: 0.689643, LR: 0.0000974
Step 30900, Loss: 0.680337, LR: 0.0000974
Step 31000, Loss: 0.689660, LR: 0.0000974
Step 31100, Loss: 0.678472, LR: 0.0000974
[Validation] step 31200 => val_loss: 0.682700
Step 31200, Loss: 0.678594, LR: 0.0000974
Step 31300, Loss: 0.684617, LR: 0.0000973
Step 31400, Loss: 0.675355, LR: 0.0000973
Step 31500, Loss: 0.680399, LR: 0.0000973
[Validation] step 31600 => val_loss: 0.688125
Step 31600, Loss: 0.691434, LR: 0.0000973
Step 31700, Loss: 0.688184, LR: 0.0000973
Step 31800, Loss: 0.680744, LR: 0.0000973
Step 31900, Loss: 0.680388, LR: 0.0000972
[Validation] step 32000 => val_loss: 0.687302
Step 32000, Loss: 0.685262, LR: 0.0000972
Step 32100, Loss: 0.692874, LR: 0.0000972
Step 32200, Loss: 0.687935, LR: 0.0000972
Step 32300, Loss: 0.689363, LR: 0.0000972
[Validation] step 32400 => val_loss: 0.687576
Step 32400, Loss: 0.688982, LR: 0.0000971
Step 32500, Loss: 0.687078, LR: 0.0000971
Step 32600, Loss: 0.687940, LR: 0.0000971
Step 32700, Loss: 0.675907, LR: 0.0000971
[Validation] step 32800 => val_loss: 0.687217
Step 32800, Loss: 0.690340, LR: 0.0000971
Step 32900, Loss: 0.690188, LR: 0.0000971
Step 33000, Loss: 0.681878, LR: 0.0000970
Step 33100, Loss: 0.693261, LR: 0.0000970
[Validation] step 33200 => val_loss: 0.688374
Step 33200, Loss: 0.688449, LR: 0.0000970
Step 33300, Loss: 0.688401, LR: 0.0000970
Step 33400, Loss: 0.688091, LR: 0.0000970
Step 33500, Loss: 0.691204, LR: 0.0000970
[Validation] step 33600 => val_loss: 0.687070
Step 33600, Loss: 0.688976, LR: 0.0000969
Step 33700, Loss: 0.691969, LR: 0.0000969
Step 33800, Loss: 0.679485, LR: 0.0000969
Step 33900, Loss: 0.687171, LR: 0.0000969
[Validation] step 34000 => val_loss: 0.684155
Step 34000, Loss: 0.684122, LR: 0.0000969
Step 34100, Loss: 0.680584, LR: 0.0000968
Step 34200, Loss: 0.681655, LR: 0.0000968
Step 34300, Loss: 0.684150, LR: 0.0000968
[Validation] step 34400 => val_loss: 0.688029
Step 34400, Loss: 0.683738, LR: 0.0000968
Step 34500, Loss: 0.685750, LR: 0.0000968
Step 34600, Loss: 0.685146, LR: 0.0000968
Step 34700, Loss: 0.694789, LR: 0.0000967
[Validation] step 34800 => val_loss: 0.687759
Step 34800, Loss: 0.679604, LR: 0.0000967
Step 34900, Loss: 0.692187, LR: 0.0000967
Step 35000, Loss: 0.684574, LR: 0.0000967
Saved checkpoint at step 35000
Step 35100, Loss: 0.691081, LR: 0.0000967
[Validation] step 35200 => val_loss: 0.685827
Step 35200, Loss: 0.684747, LR: 0.0000966
Step 35300, Loss: 0.689505, LR: 0.0000966
Step 35400, Loss: 0.682799, LR: 0.0000966
Step 35500, Loss: 0.675494, LR: 0.0000966
[Validation] step 35600 => val_loss: 0.677860
Step 35600, Loss: 0.678408, LR: 0.0000966
Step 35700, Loss: 0.690659, LR: 0.0000965
Step 35800, Loss: 0.688930, LR: 0.0000965
Step 35900, Loss: 0.679827, LR: 0.0000965
[Validation] step 36000 => val_loss: 0.681950
Step 36000, Loss: 0.681169, LR: 0.0000965
Step 36100, Loss: 0.680999, LR: 0.0000965
Step 36200, Loss: 0.666359, LR: 0.0000964
Step 36300, Loss: 0.626794, LR: 0.0000964
[Validation] step 36400 => val_loss: 0.536796
Step 36400, Loss: 0.525523, LR: 0.0000964
Step 36500, Loss: 0.490324, LR: 0.0000964
Step 36600, Loss: 0.028660, LR: 0.0000964
Step 36700, Loss: 0.019160, LR: 0.0000964
[Validation] step 36800 => val_loss: 0.081933
Step 36800, Loss: 0.011287, LR: 0.0000963
Step 36900, Loss: 0.007693, LR: 0.0000963
Step 37000, Loss: 0.005170, LR: 0.0000963
Step 37100, Loss: 0.005233, LR: 0.0000963
[Validation] step 37200 => val_loss: 0.061715
Step 37200, Loss: 0.003230, LR: 0.0000963
Step 37300, Loss: 0.002258, LR: 0.0000962
Step 37400, Loss: 0.002459, LR: 0.0000962
Step 37500, Loss: 0.001868, LR: 0.0000962
[Validation] step 37600 => val_loss: 0.051699
Step 37600, Loss: 0.004168, LR: 0.0000962
Step 37700, Loss: 0.005492, LR: 0.0000962
Step 37800, Loss: 0.002083, LR: 0.0000961
Step 37900, Loss: 0.001574, LR: 0.0000961
[Validation] step 38000 => val_loss: 0.060981
Step 38000, Loss: 0.001080, LR: 0.0000961
Step 38100, Loss: 0.001865, LR: 0.0000961
Step 38200, Loss: 0.001008, LR: 0.0000961
Step 38300, Loss: 0.011868, LR: 0.0000960
[Validation] step 38400 => val_loss: 0.051407
Step 38400, Loss: 0.000872, LR: 0.0000960
Step 38500, Loss: 0.002061, LR: 0.0000960
Step 38600, Loss: 0.000814, LR: 0.0000960
Step 38700, Loss: 0.002726, LR: 0.0000959
[Validation] step 38800 => val_loss: 0.058287
Step 38800, Loss: 0.000681, LR: 0.0000959
Step 38900, Loss: 0.001750, LR: 0.0000959
Step 39000, Loss: 0.001105, LR: 0.0000959
Step 39100, Loss: 0.001455, LR: 0.0000959
[Validation] step 39200 => val_loss: 0.050753
Step 39200, Loss: 0.001212, LR: 0.0000958
Step 39300, Loss: 0.000694, LR: 0.0000958
Step 39400, Loss: 0.000897, LR: 0.0000958
Step 39500, Loss: 0.000562, LR: 0.0000958
[Validation] step 39600 => val_loss: 0.054051
Step 39600, Loss: 0.000935, LR: 0.0000958
Step 39700, Loss: 0.002349, LR: 0.0000957
Step 39800, Loss: 0.001582, LR: 0.0000957
Step 39900, Loss: 0.002487, LR: 0.0000957
[Validation] step 40000 => val_loss: 0.035753
Step 40000, Loss: 0.001309, LR: 0.0000957
Saved checkpoint at step 40000
Step 40100, Loss: 0.001315, LR: 0.0000957
Step 40200, Loss: 0.005592, LR: 0.0000956
Step 40300, Loss: 0.004642, LR: 0.0000956
[Validation] step 40400 => val_loss: 0.030265
Step 40400, Loss: 0.000555, LR: 0.0000956
Step 40500, Loss: 0.002315, LR: 0.0000956
Step 40600, Loss: 0.000604, LR: 0.0000955
Step 40700, Loss: 0.000972, LR: 0.0000955
[Validation] step 40800 => val_loss: 0.019333
Step 40800, Loss: 0.001348, LR: 0.0000955
Step 40900, Loss: 0.000984, LR: 0.0000955
Step 41000, Loss: 0.000537, LR: 0.0000955
Step 41100, Loss: 0.000613, LR: 0.0000954
[Validation] step 41200 => val_loss: 0.017799
Step 41200, Loss: 0.001252, LR: 0.0000954
Step 41300, Loss: 0.001250, LR: 0.0000954
Step 41400, Loss: 0.000416, LR: 0.0000954
Step 41500, Loss: 0.000471, LR: 0.0000954
[Validation] step 41600 => val_loss: 0.024328
Step 41600, Loss: 0.002304, LR: 0.0000953
Step 41700, Loss: 0.002060, LR: 0.0000953
Step 41800, Loss: 0.001099, LR: 0.0000953
Step 41900, Loss: 0.000509, LR: 0.0000953
[Validation] step 42000 => val_loss: 0.707892
Step 42000, Loss: 0.720199, LR: 0.0000952
Step 42100, Loss: 0.687075, LR: 0.0000952
Step 42200, Loss: 0.685743, LR: 0.0000952
Step 42300, Loss: 0.685027, LR: 0.0000952
[Validation] step 42400 => val_loss: 0.687470
Step 42400, Loss: 0.688366, LR: 0.0000952
Step 42500, Loss: 0.692338, LR: 0.0000951
Step 42600, Loss: 0.679680, LR: 0.0000951
Step 42700, Loss: 0.693623, LR: 0.0000951
[Validation] step 42800 => val_loss: 0.687504
Step 42800, Loss: 0.689971, LR: 0.0000951
Step 42900, Loss: 0.692289, LR: 0.0000950
Step 43000, Loss: 0.688723, LR: 0.0000950
Step 43100, Loss: 0.688182, LR: 0.0000950
[Validation] step 43200 => val_loss: 0.687522
Step 43200, Loss: 0.684478, LR: 0.0000950
Step 43300, Loss: 0.684408, LR: 0.0000949
Step 43400, Loss: 0.690848, LR: 0.0000949
Step 43500, Loss: 0.689384, LR: 0.0000949
[Validation] step 43600 => val_loss: 0.687754
Step 43600, Loss: 0.684271, LR: 0.0000949
Step 43700, Loss: 0.694586, LR: 0.0000949
Step 43800, Loss: 0.687501, LR: 0.0000948
Step 43900, Loss: 0.682844, LR: 0.0000948
[Validation] step 44000 => val_loss: 0.687647
Step 44000, Loss: 0.690932, LR: 0.0000948
Step 44100, Loss: 0.686739, LR: 0.0000948
Step 44200, Loss: 0.682783, LR: 0.0000947
Step 44300, Loss: 0.685804, LR: 0.0000947
[Validation] step 44400 => val_loss: 0.687523
Step 44400, Loss: 0.691032, LR: 0.0000947
Step 44500, Loss: 0.680679, LR: 0.0000947
Step 44600, Loss: 0.683732, LR: 0.0000946
Step 44700, Loss: 0.691552, LR: 0.0000946
[Validation] step 44800 => val_loss: 0.687775
Step 44800, Loss: 0.687324, LR: 0.0000946
Step 44900, Loss: 0.686232, LR: 0.0000946
Step 45000, Loss: 0.684319, LR: 0.0000946
Saved checkpoint at step 45000
Step 45100, Loss: 0.685411, LR: 0.0000945
[Validation] step 45200 => val_loss: 0.687193
Step 45200, Loss: 0.689435, LR: 0.0000945
Step 45300, Loss: 0.686852, LR: 0.0000945
Step 45400, Loss: 0.683661, LR: 0.0000945
Step 45500, Loss: 0.679491, LR: 0.0000944
[Validation] step 45600 => val_loss: 0.681215
Step 45600, Loss: 0.686942, LR: 0.0000944
Step 45700, Loss: 0.689386, LR: 0.0000944
Step 45800, Loss: 0.696766, LR: 0.0000944
Step 45900, Loss: 0.684380, LR: 0.0000943
[Validation] step 46000 => val_loss: 0.687822
Step 46000, Loss: 0.680645, LR: 0.0000943
Step 46100, Loss: 0.690905, LR: 0.0000943
Step 46200, Loss: 0.688093, LR: 0.0000943
Step 46300, Loss: 0.690199, LR: 0.0000942
[Validation] step 46400 => val_loss: 0.687586
Step 46400, Loss: 0.685821, LR: 0.0000942
Step 46500, Loss: 0.689963, LR: 0.0000942
Step 46600, Loss: 0.682407, LR: 0.0000942
Step 46700, Loss: 0.684801, LR: 0.0000941
[Validation] step 46800 => val_loss: 0.684785
Step 46800, Loss: 0.683133, LR: 0.0000941
Step 46900, Loss: 0.683215, LR: 0.0000941
Step 47000, Loss: 0.679520, LR: 0.0000941
Step 47100, Loss: 0.677241, LR: 0.0000940
[Validation] step 47200 => val_loss: 0.670841
Step 47200, Loss: 0.672487, LR: 0.0000940
Step 47300, Loss: 0.684108, LR: 0.0000940
Step 47400, Loss: 0.686347, LR: 0.0000940
Step 47500, Loss: 0.687445, LR: 0.0000939
[Validation] step 47600 => val_loss: 0.687767
Step 47600, Loss: 0.695353, LR: 0.0000939
Step 47700, Loss: 0.689136, LR: 0.0000939
Step 47800, Loss: 0.686902, LR: 0.0000939
Step 47900, Loss: 0.688339, LR: 0.0000938
[Validation] step 48000 => val_loss: 0.687448
Step 48000, Loss: 0.687767, LR: 0.0000938
Step 48100, Loss: 0.690306, LR: 0.0000938
Step 48200, Loss: 0.683337, LR: 0.0000938
Step 48300, Loss: 0.685112, LR: 0.0000937
[Validation] step 48400 => val_loss: 0.687498
Step 48400, Loss: 0.689811, LR: 0.0000937
Step 48500, Loss: 0.685606, LR: 0.0000937
Step 48600, Loss: 0.691540, LR: 0.0000937
Step 48700, Loss: 0.690328, LR: 0.0000936
[Validation] step 48800 => val_loss: 0.687198
Step 48800, Loss: 0.695724, LR: 0.0000936
Step 48900, Loss: 0.689616, LR: 0.0000936
Step 49000, Loss: 0.688902, LR: 0.0000936
Step 49100, Loss: 0.689914, LR: 0.0000935
[Validation] step 49200 => val_loss: 0.687677
Step 49200, Loss: 0.687777, LR: 0.0000935
Step 49300, Loss: 0.685212, LR: 0.0000935
Step 49400, Loss: 0.684250, LR: 0.0000935
Step 49500, Loss: 0.693058, LR: 0.0000934
[Validation] step 49600 => val_loss: 0.687621
Step 49600, Loss: 0.684842, LR: 0.0000934
Step 49700, Loss: 0.687519, LR: 0.0000934
Step 49800, Loss: 0.683585, LR: 0.0000934
Step 49900, Loss: 0.687964, LR: 0.0000933
[Validation] step 50000 => val_loss: 0.687058
Step 50000, Loss: 0.690279, LR: 0.0000933
Saved checkpoint at step 50000
Step 50100, Loss: 0.688753, LR: 0.0000933
Step 50200, Loss: 0.688633, LR: 0.0000932
Step 50300, Loss: 0.687028, LR: 0.0000932
[Validation] step 50400 => val_loss: 0.687677
Step 50400, Loss: 0.690232, LR: 0.0000932
Step 50500, Loss: 0.688012, LR: 0.0000932
Step 50600, Loss: 0.682884, LR: 0.0000931
Step 50700, Loss: 0.681157, LR: 0.0000931
[Validation] step 50800 => val_loss: 0.687769
Step 50800, Loss: 0.687996, LR: 0.0000931
Step 50900, Loss: 0.687353, LR: 0.0000931
Step 51000, Loss: 0.683786, LR: 0.0000930
Step 51100, Loss: 0.689564, LR: 0.0000930
[Validation] step 51200 => val_loss: 0.686340
Step 51200, Loss: 0.688391, LR: 0.0000930
Step 51300, Loss: 0.687777, LR: 0.0000930
Step 51400, Loss: 0.689189, LR: 0.0000929
Step 51500, Loss: 0.692767, LR: 0.0000929
[Validation] step 51600 => val_loss: 0.687470
Step 51600, Loss: 0.690768, LR: 0.0000929
Step 51700, Loss: 0.690450, LR: 0.0000928
Step 51800, Loss: 0.689968, LR: 0.0000928
Step 51900, Loss: 0.687795, LR: 0.0000928
[Validation] step 52000 => val_loss: 0.687871
Step 52000, Loss: 0.685841, LR: 0.0000928
Step 52100, Loss: 0.682981, LR: 0.0000927
Step 52200, Loss: 0.690501, LR: 0.0000927
Step 52300, Loss: 0.687022, LR: 0.0000927
[Validation] step 52400 => val_loss: 0.685414
Step 52400, Loss: 0.687543, LR: 0.0000927
Step 52500, Loss: 0.680508, LR: 0.0000926
Step 52600, Loss: 0.690691, LR: 0.0000926
Step 52700, Loss: 0.681921, LR: 0.0000926
[Validation] step 52800 => val_loss: 0.679478
Step 52800, Loss: 0.681433, LR: 0.0000925
Step 52900, Loss: 0.684696, LR: 0.0000925
Step 53000, Loss: 0.681353, LR: 0.0000925
Step 53100, Loss: 0.665187, LR: 0.0000925
[Validation] step 53200 => val_loss: 0.687475
Step 53200, Loss: 0.686385, LR: 0.0000924
Step 53300, Loss: 0.685071, LR: 0.0000924
Step 53400, Loss: 0.689125, LR: 0.0000924
Step 53500, Loss: 0.679422, LR: 0.0000924
[Validation] step 53600 => val_loss: 0.687314
Step 53600, Loss: 0.681982, LR: 0.0000923
Step 53700, Loss: 0.685535, LR: 0.0000923
Step 53800, Loss: 0.696396, LR: 0.0000923
Step 53900, Loss: 0.682820, LR: 0.0000922
[Validation] step 54000 => val_loss: 0.687644
Step 54000, Loss: 0.680463, LR: 0.0000922
Step 54100, Loss: 0.679456, LR: 0.0000922
Step 54200, Loss: 0.682862, LR: 0.0000922
Step 54300, Loss: 0.682971, LR: 0.0000921
[Validation] step 54400 => val_loss: 0.688302
Step 54400, Loss: 0.692000, LR: 0.0000921
Step 54500, Loss: 0.691106, LR: 0.0000921
Step 54600, Loss: 0.688223, LR: 0.0000920
Step 54700, Loss: 0.688146, LR: 0.0000920
[Validation] step 54800 => val_loss: 0.688118
Step 54800, Loss: 0.689441, LR: 0.0000920
Step 54900, Loss: 0.691300, LR: 0.0000920
Step 55000, Loss: 0.686710, LR: 0.0000919
Saved checkpoint at step 55000
Step 55100, Loss: 0.682604, LR: 0.0000919
[Validation] step 55200 => val_loss: 0.687396
Step 55200, Loss: 0.686713, LR: 0.0000919
Step 55300, Loss: 0.688150, LR: 0.0000918
Step 55400, Loss: 0.690542, LR: 0.0000918
Step 55500, Loss: 0.682965, LR: 0.0000918
[Validation] step 55600 => val_loss: 0.687793
Step 55600, Loss: 0.689528, LR: 0.0000918
Step 55700, Loss: 0.688540, LR: 0.0000917
Step 55800, Loss: 0.693097, LR: 0.0000917
Step 55900, Loss: 0.692538, LR: 0.0000917
[Validation] step 56000 => val_loss: 0.687828
Step 56000, Loss: 0.683282, LR: 0.0000916
Step 56100, Loss: 0.685017, LR: 0.0000916
Step 56200, Loss: 0.686807, LR: 0.0000916
Step 56300, Loss: 0.688122, LR: 0.0000916
[Validation] step 56400 => val_loss: 0.687777
Step 56400, Loss: 0.686121, LR: 0.0000915
Step 56500, Loss: 0.683382, LR: 0.0000915
Step 56600, Loss: 0.695206, LR: 0.0000915
Step 56700, Loss: 0.694674, LR: 0.0000914
[Validation] step 56800 => val_loss: 0.687435
Step 56800, Loss: 0.692036, LR: 0.0000914
Step 56900, Loss: 0.688436, LR: 0.0000914
Step 57000, Loss: 0.688552, LR: 0.0000914
Step 57100, Loss: 0.687487, LR: 0.0000913
[Validation] step 57200 => val_loss: 0.687128
Step 57200, Loss: 0.690131, LR: 0.0000913
Step 57300, Loss: 0.696599, LR: 0.0000913
Step 57400, Loss: 0.686538, LR: 0.0000912
Step 57500, Loss: 0.680848, LR: 0.0000912
[Validation] step 57600 => val_loss: 0.682550
Step 57600, Loss: 0.685884, LR: 0.0000912
Step 57700, Loss: 0.681949, LR: 0.0000911
Step 57800, Loss: 0.683614, LR: 0.0000911
Step 57900, Loss: 0.684642, LR: 0.0000911
[Validation] step 58000 => val_loss: 0.681629
Step 58000, Loss: 0.678641, LR: 0.0000911
Step 58100, Loss: 0.683592, LR: 0.0000910
Step 58200, Loss: 0.679878, LR: 0.0000910
Step 58300, Loss: 0.677424, LR: 0.0000910
[Validation] step 58400 => val_loss: 0.680305
Step 58400, Loss: 0.676665, LR: 0.0000909
Step 58500, Loss: 0.675803, LR: 0.0000909
Step 58600, Loss: 0.668303, LR: 0.0000909
Step 58700, Loss: 0.664688, LR: 0.0000908
[Validation] step 58800 => val_loss: 0.661781
Step 58800, Loss: 0.658011, LR: 0.0000908
Step 58900, Loss: 0.654907, LR: 0.0000908
Step 59000, Loss: 0.647955, LR: 0.0000908
Step 59100, Loss: 0.649308, LR: 0.0000907
[Validation] step 59200 => val_loss: 0.651941
Step 59200, Loss: 0.647342, LR: 0.0000907
Step 59300, Loss: 0.649424, LR: 0.0000907
Step 59400, Loss: 0.646138, LR: 0.0000906
Step 59500, Loss: 0.650390, LR: 0.0000906
[Validation] step 59600 => val_loss: 0.650141
Step 59600, Loss: 0.658681, LR: 0.0000906
Step 59700, Loss: 0.656289, LR: 0.0000905
Step 59800, Loss: 0.648486, LR: 0.0000905
Step 59900, Loss: 0.648558, LR: 0.0000905
[Validation] step 60000 => val_loss: 0.643203
Step 60000, Loss: 0.644882, LR: 0.0000905
Saved checkpoint at step 60000
Step 60100, Loss: 0.636706, LR: 0.0000904
Step 60200, Loss: 0.625662, LR: 0.0000904
Step 60300, Loss: 0.621437, LR: 0.0000904
[Validation] step 60400 => val_loss: 0.604331
Step 60400, Loss: 0.602719, LR: 0.0000903
Step 60500, Loss: 0.554818, LR: 0.0000903
Step 60600, Loss: 0.524466, LR: 0.0000903
Step 60700, Loss: 0.673477, LR: 0.0000902
[Validation] step 60800 => val_loss: 0.521072
Step 60800, Loss: 0.515804, LR: 0.0000902
Step 60900, Loss: 0.518286, LR: 0.0000902
Step 61000, Loss: 0.143480, LR: 0.0000901
Step 61100, Loss: 0.021792, LR: 0.0000901
[Validation] step 61200 => val_loss: 0.569752
Step 61200, Loss: 0.006039, LR: 0.0000901
Step 61300, Loss: 0.005378, LR: 0.0000900
Step 61400, Loss: 0.005060, LR: 0.0000900
Step 61500, Loss: 0.004602, LR: 0.0000900
[Validation] step 61600 => val_loss: 0.096296
Step 61600, Loss: 0.002048, LR: 0.0000900
Step 61700, Loss: 0.002668, LR: 0.0000899
Step 61800, Loss: 0.002450, LR: 0.0000899
Step 61900, Loss: 0.002053, LR: 0.0000899
[Validation] step 62000 => val_loss: 0.066270
Step 62000, Loss: 0.001467, LR: 0.0000898
Step 62100, Loss: 0.003263, LR: 0.0000898
Step 62200, Loss: 0.002997, LR: 0.0000898
Step 62300, Loss: 0.002101, LR: 0.0000897
[Validation] step 62400 => val_loss: 0.103233
Step 62400, Loss: 0.002487, LR: 0.0000897
Step 62500, Loss: 0.001087, LR: 0.0000897
Step 62600, Loss: 0.001576, LR: 0.0000896
Step 62700, Loss: 0.001053, LR: 0.0000896
[Validation] step 62800 => val_loss: 0.092942
Step 62800, Loss: 0.001268, LR: 0.0000896
Step 62900, Loss: 0.001105, LR: 0.0000895
Step 63000, Loss: 0.002085, LR: 0.0000895
Step 63100, Loss: 0.002496, LR: 0.0000895
[Validation] step 63200 => val_loss: 0.212313
Step 63200, Loss: 0.028257, LR: 0.0000894
Step 63300, Loss: 0.001266, LR: 0.0000894
Step 63400, Loss: 0.001032, LR: 0.0000894
Step 63500, Loss: 0.001349, LR: 0.0000893
[Validation] step 63600 => val_loss: 0.328629
Step 63600, Loss: 0.001060, LR: 0.0000893
Step 63700, Loss: 0.001199, LR: 0.0000893
Step 63800, Loss: 0.000724, LR: 0.0000892
Step 63900, Loss: 0.000694, LR: 0.0000892
[Validation] step 64000 => val_loss: 0.488911
Step 64000, Loss: 0.000496, LR: 0.0000892
Step 64100, Loss: 0.000650, LR: 0.0000892
Step 64200, Loss: 0.001852, LR: 0.0000891
Step 64300, Loss: 0.000801, LR: 0.0000891
[Validation] step 64400 => val_loss: 0.904389
Step 64400, Loss: 0.003997, LR: 0.0000891
Step 64500, Loss: 0.000892, LR: 0.0000890
Step 64600, Loss: 0.001016, LR: 0.0000890
Step 64700, Loss: 0.000670, LR: 0.0000890
[Validation] step 64800 => val_loss: 0.492586
Step 64800, Loss: 0.000787, LR: 0.0000889
Step 64900, Loss: 0.000874, LR: 0.0000889
Step 65000, Loss: 0.001204, LR: 0.0000889
Saved checkpoint at step 65000
Step 65100, Loss: 0.000421, LR: 0.0000888
[Validation] step 65200 => val_loss: 0.613409
Step 65200, Loss: 0.000487, LR: 0.0000888
Step 65300, Loss: 0.001248, LR: 0.0000888
Step 65400, Loss: 0.001419, LR: 0.0000887
Step 65500, Loss: 0.000658, LR: 0.0000887
[Validation] step 65600 => val_loss: 0.511065
Step 65600, Loss: 0.000441, LR: 0.0000887
Step 65700, Loss: 0.000768, LR: 0.0000886
Step 65800, Loss: 0.006114, LR: 0.0000886
Step 65900, Loss: 0.000816, LR: 0.0000886
[Validation] step 66000 => val_loss: 0.503434
Step 66000, Loss: 0.000350, LR: 0.0000885
Step 66100, Loss: 0.000345, LR: 0.0000885
Step 66200, Loss: 0.000347, LR: 0.0000885
Step 66300, Loss: 0.000665, LR: 0.0000884
[Validation] step 66400 => val_loss: 0.689876
Step 66400, Loss: 0.000555, LR: 0.0000884
Step 66500, Loss: 0.558901, LR: 0.0000884
Step 66600, Loss: 0.227354, LR: 0.0000883
Step 66700, Loss: 0.005081, LR: 0.0000883
[Validation] step 66800 => val_loss: 0.011294
Step 66800, Loss: 0.002508, LR: 0.0000883
Step 66900, Loss: 0.001934, LR: 0.0000882
Step 67000, Loss: 0.022969, LR: 0.0000882
Step 67100, Loss: 0.001198, LR: 0.0000882
[Validation] step 67200 => val_loss: 0.009150
Step 67200, Loss: 0.001059, LR: 0.0000881
Step 67300, Loss: 0.001573, LR: 0.0000881
Step 67400, Loss: 0.001788, LR: 0.0000881
Step 67500, Loss: 0.000756, LR: 0.0000880
[Validation] step 67600 => val_loss: 0.012488
Step 67600, Loss: 0.001402, LR: 0.0000880
Step 67700, Loss: 0.001918, LR: 0.0000880
Step 67800, Loss: 0.000697, LR: 0.0000879
Step 67900, Loss: 0.000605, LR: 0.0000879
[Validation] step 68000 => val_loss: 0.019009
Step 68000, Loss: 0.000524, LR: 0.0000878
Step 68100, Loss: 0.000608, LR: 0.0000878
Step 68200, Loss: 0.000740, LR: 0.0000878
Step 68300, Loss: 0.000657, LR: 0.0000877
[Validation] step 68400 => val_loss: 0.024435
Step 68400, Loss: 0.000492, LR: 0.0000877
Step 68500, Loss: 0.000604, LR: 0.0000877
Step 68600, Loss: 0.000531, LR: 0.0000876
Step 68700, Loss: 0.000993, LR: 0.0000876
[Validation] step 68800 => val_loss: 0.094296
Step 68800, Loss: 0.000661, LR: 0.0000876
Step 68900, Loss: 0.000481, LR: 0.0000875
Step 69000, Loss: 0.000586, LR: 0.0000875
Step 69100, Loss: 0.000487, LR: 0.0000875
[Validation] step 69200 => val_loss: 0.094225
Step 69200, Loss: 0.001375, LR: 0.0000874
Step 69300, Loss: 0.000387, LR: 0.0000874
Step 69400, Loss: 0.016634, LR: 0.0000874
Step 69500, Loss: 0.000709, LR: 0.0000873
[Validation] step 69600 => val_loss: 0.007566
Step 69600, Loss: 0.002879, LR: 0.0000873
Step 69700, Loss: 0.014961, LR: 0.0000873
Step 69800, Loss: 0.682640, LR: 0.0000872
Step 69900, Loss: 0.681733, LR: 0.0000872
[Validation] step 70000 => val_loss: 0.687237
Step 70000, Loss: 0.688468, LR: 0.0000872
Saved checkpoint at step 70000
Step 70100, Loss: 0.685706, LR: 0.0000871
Step 70200, Loss: 0.688723, LR: 0.0000871
Step 70300, Loss: 0.687352, LR: 0.0000871
[Validation] step 70400 => val_loss: 0.687336
Step 70400, Loss: 0.684813, LR: 0.0000870
Step 70500, Loss: 0.684994, LR: 0.0000870
Step 70600, Loss: 0.689767, LR: 0.0000869
Step 70700, Loss: 0.689220, LR: 0.0000869
[Validation] step 70800 => val_loss: 0.687048
Step 70800, Loss: 0.685189, LR: 0.0000869
Step 70900, Loss: 0.689962, LR: 0.0000868
Step 71000, Loss: 0.690909, LR: 0.0000868
Step 71100, Loss: 0.684633, LR: 0.0000868
[Validation] step 71200 => val_loss: 0.687926
Step 71200, Loss: 0.691853, LR: 0.0000867
Step 71300, Loss: 0.683294, LR: 0.0000867
Step 71400, Loss: 0.685903, LR: 0.0000867
Step 71500, Loss: 0.686682, LR: 0.0000866
[Validation] step 71600 => val_loss: 0.687206
Step 71600, Loss: 0.684788, LR: 0.0000866
Step 71700, Loss: 0.685944, LR: 0.0000866
Step 71800, Loss: 0.688452, LR: 0.0000865
Step 71900, Loss: 0.688254, LR: 0.0000865
[Validation] step 72000 => val_loss: 0.687796
Step 72000, Loss: 0.679782, LR: 0.0000864
Step 72100, Loss: 0.688105, LR: 0.0000864
Step 72200, Loss: 0.698435, LR: 0.0000864
Step 72300, Loss: 0.684448, LR: 0.0000863
[Validation] step 72400 => val_loss: 0.687948
Step 72400, Loss: 0.688825, LR: 0.0000863
Step 72500, Loss: 0.687308, LR: 0.0000863
Step 72600, Loss: 0.690005, LR: 0.0000862
Step 72700, Loss: 0.685750, LR: 0.0000862
[Validation] step 72800 => val_loss: 0.687287
Step 72800, Loss: 0.689079, LR: 0.0000862
Step 72900, Loss: 0.683410, LR: 0.0000861
Step 73000, Loss: 0.688382, LR: 0.0000861
Step 73100, Loss: 0.687140, LR: 0.0000861
[Validation] step 73200 => val_loss: 0.687361
Step 73200, Loss: 0.687870, LR: 0.0000860
Step 73300, Loss: 0.688761, LR: 0.0000860
Step 73400, Loss: 0.685458, LR: 0.0000859
Step 73500, Loss: 0.692519, LR: 0.0000859
[Validation] step 73600 => val_loss: 0.688033
Step 73600, Loss: 0.689984, LR: 0.0000859
Step 73700, Loss: 0.693775, LR: 0.0000858
Step 73800, Loss: 0.686369, LR: 0.0000858
Step 73900, Loss: 0.686578, LR: 0.0000858
[Validation] step 74000 => val_loss: 0.687831
Step 74000, Loss: 0.692000, LR: 0.0000857
Step 74100, Loss: 0.679834, LR: 0.0000857
Step 74200, Loss: 0.690367, LR: 0.0000856
Step 74300, Loss: 0.688097, LR: 0.0000856
[Validation] step 74400 => val_loss: 0.687668
Step 74400, Loss: 0.684626, LR: 0.0000856
Step 74500, Loss: 0.688492, LR: 0.0000855
Step 74600, Loss: 0.680957, LR: 0.0000855
Step 74700, Loss: 0.688582, LR: 0.0000855
[Validation] step 74800 => val_loss: 0.686776
Step 74800, Loss: 0.684259, LR: 0.0000854
Step 74900, Loss: 0.685065, LR: 0.0000854
Step 75000, Loss: 0.683724, LR: 0.0000854
Saved checkpoint at step 75000
Step 75100, Loss: 0.688083, LR: 0.0000853
[Validation] step 75200 => val_loss: 0.687046
Step 75200, Loss: 0.690860, LR: 0.0000853
Step 75300, Loss: 0.684373, LR: 0.0000852
Step 75400, Loss: 0.698395, LR: 0.0000852
Step 75500, Loss: 0.686978, LR: 0.0000852
[Validation] step 75600 => val_loss: 0.687528
Step 75600, Loss: 0.685336, LR: 0.0000851
Step 75700, Loss: 0.684546, LR: 0.0000851
Step 75800, Loss: 0.686053, LR: 0.0000851
Step 75900, Loss: 0.685344, LR: 0.0000850
[Validation] step 76000 => val_loss: 0.687583
Step 76000, Loss: 0.687799, LR: 0.0000850
Step 76100, Loss: 0.684875, LR: 0.0000849
Step 76200, Loss: 0.688623, LR: 0.0000849
Step 76300, Loss: 0.688376, LR: 0.0000849
